2025-06-03T08:05:05.330+02:00  INFO 13154 --- [backend] [restartedMain] com.starter.backend.BackendApplication   : Starting BackendApplication using Java 23.0.2 with PID 13154 (/media/pascal/AE86B21786B1E04F/Users/pc/Documents/projects/github-workshop/SpringBoot-Advanced-Starter/target/classes started by pascal in /media/pascal/AE86B21786B1E04F/Users/pc/Documents/projects/github-workshop/SpringBoot-Advanced-Starter)
2025-06-03T08:05:05.334+02:00  INFO 13154 --- [backend] [restartedMain] com.starter.backend.BackendApplication   : The following 1 profile is active: "dev"
2025-06-03T08:05:09.087+02:00  INFO 13154 --- [backend] [restartedMain] o.apache.catalina.core.StandardService   : Starting service [Tomcat]
2025-06-03T08:05:09.088+02:00  INFO 13154 --- [backend] [restartedMain] o.apache.catalina.core.StandardEngine    : Starting Servlet engine: [Apache Tomcat/10.1.36]
2025-06-03T08:05:09.138+02:00  INFO 13154 --- [backend] [restartedMain] o.a.c.c.C.[Tomcat].[localhost].[/]       : Initializing Spring embedded WebApplicationContext
2025-06-03T08:05:09.689+02:00  INFO 13154 --- [backend] [restartedMain] o.hibernate.jpa.internal.util.LogHelper  : HHH000204: Processing PersistenceUnitInfo [name: default]
2025-06-03T08:05:09.779+02:00  INFO 13154 --- [backend] [restartedMain] org.hibernate.Version                    : HHH000412: Hibernate ORM core version 6.6.8.Final
2025-06-03T08:05:09.835+02:00  INFO 13154 --- [backend] [restartedMain] o.h.c.internal.RegionFactoryInitiator    : HHH000026: Second-level cache disabled
2025-06-03T08:05:10.305+02:00  INFO 13154 --- [backend] [restartedMain] com.zaxxer.hikari.HikariDataSource       : HikariPool-1 - Starting...
2025-06-03T08:05:10.875+02:00  INFO 13154 --- [backend] [restartedMain] com.zaxxer.hikari.pool.HikariPool        : HikariPool-1 - Added connection org.postgresql.jdbc.PgConnection@75cb607
2025-06-03T08:05:10.877+02:00  INFO 13154 --- [backend] [restartedMain] com.zaxxer.hikari.HikariDataSource       : HikariPool-1 - Start completed.
2025-06-03T08:05:10.947+02:00  WARN 13154 --- [backend] [restartedMain] org.hibernate.orm.deprecation            : HHH90000025: PostgreSQLDialect does not need to be specified explicitly using 'hibernate.dialect' (remove the property setting and it will be selected by default)
2025-06-03T08:05:10.983+02:00  INFO 13154 --- [backend] [restartedMain] org.hibernate.orm.connections.pooling    : HHH10001005: Database info:
	Database JDBC URL [Connecting through datasource 'HikariDataSource (HikariPool-1)']
	Database driver: undefined/unknown
	Database version: 17.4
	Autocommit mode: undefined/unknown
	Isolation level: undefined/unknown
	Minimum pool size: undefined/unknown
	Maximum pool size: undefined/unknown
2025-06-03T08:05:12.691+02:00  INFO 13154 --- [backend] [restartedMain] o.h.e.t.j.p.i.JtaPlatformInitiator       : HHH000489: No JTA platform available (set 'hibernate.transaction.jta.platform' to enable JTA platform integration)
2025-06-03T08:05:17.538+02:00  INFO 13154 --- [backend] [restartedMain] com.starter.backend.BackendApplication   : Started BackendApplication in 12.813 seconds (process running for 13.803)
2025-06-03T08:05:17.944+02:00  INFO 13154 --- [backend] [RMI TCP Connection(2)-127.0.0.1] o.a.c.c.C.[Tomcat].[localhost].[/]       : Initializing Spring DispatcherServlet 'dispatcherServlet'
2025-06-03T08:31:24.129+02:00  INFO 13154 --- [backend] [SpringApplicationShutdownHook] com.zaxxer.hikari.HikariDataSource       : HikariPool-1 - Shutdown initiated...
2025-06-03T08:31:24.183+02:00  INFO 13154 --- [backend] [SpringApplicationShutdownHook] com.zaxxer.hikari.HikariDataSource       : HikariPool-1 - Shutdown completed.
2025-06-03T08:31:32.986+02:00  INFO 16480 --- [backend] [restartedMain] com.starter.backend.BackendApplication   : Starting BackendApplication using Java 23.0.2 with PID 16480 (/media/pascal/AE86B21786B1E04F/Users/pc/Documents/projects/github-workshop/SpringBoot-Advanced-Starter/target/classes started by pascal in /media/pascal/AE86B21786B1E04F/Users/pc/Documents/projects/github-workshop/SpringBoot-Advanced-Starter)
2025-06-03T08:31:32.989+02:00  INFO 16480 --- [backend] [restartedMain] com.starter.backend.BackendApplication   : The following 1 profile is active: "dev"
2025-06-03T08:31:36.221+02:00  INFO 16480 --- [backend] [restartedMain] o.apache.catalina.core.StandardService   : Starting service [Tomcat]
2025-06-03T08:31:36.221+02:00  INFO 16480 --- [backend] [restartedMain] o.apache.catalina.core.StandardEngine    : Starting Servlet engine: [Apache Tomcat/10.1.36]
2025-06-03T08:31:36.272+02:00  INFO 16480 --- [backend] [restartedMain] o.a.c.c.C.[Tomcat].[localhost].[/]       : Initializing Spring embedded WebApplicationContext
2025-06-03T08:31:36.808+02:00  INFO 16480 --- [backend] [restartedMain] o.hibernate.jpa.internal.util.LogHelper  : HHH000204: Processing PersistenceUnitInfo [name: default]
2025-06-03T08:31:36.873+02:00  INFO 16480 --- [backend] [restartedMain] org.hibernate.Version                    : HHH000412: Hibernate ORM core version 6.6.8.Final
2025-06-03T08:31:36.912+02:00  INFO 16480 --- [backend] [restartedMain] o.h.c.internal.RegionFactoryInitiator    : HHH000026: Second-level cache disabled
2025-06-03T08:31:37.262+02:00  INFO 16480 --- [backend] [restartedMain] com.zaxxer.hikari.HikariDataSource       : HikariPool-1 - Starting...
2025-06-03T08:31:37.692+02:00  INFO 16480 --- [backend] [restartedMain] com.zaxxer.hikari.pool.HikariPool        : HikariPool-1 - Added connection org.postgresql.jdbc.PgConnection@52ca3a8
2025-06-03T08:31:37.695+02:00  INFO 16480 --- [backend] [restartedMain] com.zaxxer.hikari.HikariDataSource       : HikariPool-1 - Start completed.
2025-06-03T08:31:37.758+02:00  WARN 16480 --- [backend] [restartedMain] org.hibernate.orm.deprecation            : HHH90000025: PostgreSQLDialect does not need to be specified explicitly using 'hibernate.dialect' (remove the property setting and it will be selected by default)
2025-06-03T08:31:37.792+02:00  INFO 16480 --- [backend] [restartedMain] org.hibernate.orm.connections.pooling    : HHH10001005: Database info:
	Database JDBC URL [Connecting through datasource 'HikariDataSource (HikariPool-1)']
	Database driver: undefined/unknown
	Database version: 17.4
	Autocommit mode: undefined/unknown
	Isolation level: undefined/unknown
	Minimum pool size: undefined/unknown
	Maximum pool size: undefined/unknown
2025-06-03T08:31:39.207+02:00  INFO 16480 --- [backend] [restartedMain] o.h.e.t.j.p.i.JtaPlatformInitiator       : HHH000489: No JTA platform available (set 'hibernate.transaction.jta.platform' to enable JTA platform integration)
2025-06-03T08:31:44.071+02:00  INFO 16480 --- [backend] [restartedMain] com.starter.backend.BackendApplication   : Started BackendApplication in 11.755 seconds (process running for 12.853)
2025-06-03T08:31:44.846+02:00  INFO 16480 --- [backend] [RMI TCP Connection(2)-127.0.0.1] o.a.c.c.C.[Tomcat].[localhost].[/]       : Initializing Spring DispatcherServlet 'dispatcherServlet'
2025-06-03T08:33:37.140+02:00  INFO 16480 --- [backend] [SpringApplicationShutdownHook] com.zaxxer.hikari.HikariDataSource       : HikariPool-1 - Shutdown initiated...
2025-06-03T08:33:37.155+02:00  INFO 16480 --- [backend] [SpringApplicationShutdownHook] com.zaxxer.hikari.HikariDataSource       : HikariPool-1 - Shutdown completed.
2025-06-03T08:33:43.096+02:00  INFO 16770 --- [backend] [restartedMain] com.starter.backend.BackendApplication   : Starting BackendApplication using Java 23.0.2 with PID 16770 (/media/pascal/AE86B21786B1E04F/Users/pc/Documents/projects/github-workshop/SpringBoot-Advanced-Starter/target/classes started by pascal in /media/pascal/AE86B21786B1E04F/Users/pc/Documents/projects/github-workshop/SpringBoot-Advanced-Starter)
2025-06-03T08:33:43.100+02:00  INFO 16770 --- [backend] [restartedMain] com.starter.backend.BackendApplication   : The following 1 profile is active: "dev"
2025-06-03T08:33:47.111+02:00  INFO 16770 --- [backend] [restartedMain] o.apache.catalina.core.StandardService   : Starting service [Tomcat]
2025-06-03T08:33:47.112+02:00  INFO 16770 --- [backend] [restartedMain] o.apache.catalina.core.StandardEngine    : Starting Servlet engine: [Apache Tomcat/10.1.36]
2025-06-03T08:33:47.159+02:00  INFO 16770 --- [backend] [restartedMain] o.a.c.c.C.[Tomcat].[localhost].[/]       : Initializing Spring embedded WebApplicationContext
2025-06-03T08:33:47.751+02:00  INFO 16770 --- [backend] [restartedMain] o.hibernate.jpa.internal.util.LogHelper  : HHH000204: Processing PersistenceUnitInfo [name: default]
2025-06-03T08:33:47.819+02:00  INFO 16770 --- [backend] [restartedMain] org.hibernate.Version                    : HHH000412: Hibernate ORM core version 6.6.8.Final
2025-06-03T08:33:47.870+02:00  INFO 16770 --- [backend] [restartedMain] o.h.c.internal.RegionFactoryInitiator    : HHH000026: Second-level cache disabled
2025-06-03T08:33:48.224+02:00  INFO 16770 --- [backend] [restartedMain] com.zaxxer.hikari.HikariDataSource       : HikariPool-1 - Starting...
2025-06-03T08:33:48.856+02:00  INFO 16770 --- [backend] [restartedMain] com.zaxxer.hikari.pool.HikariPool        : HikariPool-1 - Added connection org.postgresql.jdbc.PgConnection@146ecf2e
2025-06-03T08:33:48.859+02:00  INFO 16770 --- [backend] [restartedMain] com.zaxxer.hikari.HikariDataSource       : HikariPool-1 - Start completed.
2025-06-03T08:33:48.900+02:00  WARN 16770 --- [backend] [restartedMain] org.hibernate.orm.deprecation            : HHH90000025: PostgreSQLDialect does not need to be specified explicitly using 'hibernate.dialect' (remove the property setting and it will be selected by default)
2025-06-03T08:33:48.929+02:00  INFO 16770 --- [backend] [restartedMain] org.hibernate.orm.connections.pooling    : HHH10001005: Database info:
	Database JDBC URL [Connecting through datasource 'HikariDataSource (HikariPool-1)']
	Database driver: undefined/unknown
	Database version: 17.4
	Autocommit mode: undefined/unknown
	Isolation level: undefined/unknown
	Minimum pool size: undefined/unknown
	Maximum pool size: undefined/unknown
2025-06-03T08:33:50.448+02:00  INFO 16770 --- [backend] [restartedMain] o.h.e.t.j.p.i.JtaPlatformInitiator       : HHH000489: No JTA platform available (set 'hibernate.transaction.jta.platform' to enable JTA platform integration)
2025-06-03T08:33:56.512+02:00  INFO 16770 --- [backend] [restartedMain] com.starter.backend.BackendApplication   : Started BackendApplication in 14.336 seconds (process running for 15.623)
2025-06-03T08:33:57.244+02:00  INFO 16770 --- [backend] [RMI TCP Connection(1)-127.0.0.1] o.a.c.c.C.[Tomcat].[localhost].[/]       : Initializing Spring DispatcherServlet 'dispatcherServlet'
2025-06-03T08:34:16.111+02:00 ERROR 16770 --- [backend] [http-nio-8081-exec-1] c.s.backend.security.JwtAuthEntryPoint   : responding with unauthorized error.message - Full authentication is required to access this resource
2025-06-03T08:34:16.132+02:00 ERROR 16770 --- [backend] [http-nio-8081-exec-1] c.s.backend.security.JwtAuthEntryPoint   : responding with unauthorized error.message - Full authentication is required to access this resource
2025-06-03T08:34:25.668+02:00  INFO 16770 --- [backend] [http-nio-8081-exec-1] o.springdoc.api.AbstractOpenApiResource  : Init duration for springdoc-openapi is: 2207 ms
2025-06-03T08:35:21.053+02:00  INFO 16770 --- [backend] [SpringApplicationShutdownHook] com.zaxxer.hikari.HikariDataSource       : HikariPool-1 - Shutdown initiated...
2025-06-03T08:35:21.067+02:00  INFO 16770 --- [backend] [SpringApplicationShutdownHook] com.zaxxer.hikari.HikariDataSource       : HikariPool-1 - Shutdown completed.
2025-06-03T08:35:28.632+02:00  INFO 17208 --- [backend] [restartedMain] com.starter.backend.BackendApplication   : Starting BackendApplication using Java 23.0.2 with PID 17208 (/media/pascal/AE86B21786B1E04F/Users/pc/Documents/projects/github-workshop/SpringBoot-Advanced-Starter/target/classes started by pascal in /media/pascal/AE86B21786B1E04F/Users/pc/Documents/projects/github-workshop/SpringBoot-Advanced-Starter)
2025-06-03T08:35:28.636+02:00  INFO 17208 --- [backend] [restartedMain] com.starter.backend.BackendApplication   : The following 1 profile is active: "dev"
2025-06-03T08:35:33.567+02:00  INFO 17208 --- [backend] [restartedMain] o.apache.catalina.core.StandardService   : Starting service [Tomcat]
2025-06-03T08:35:33.567+02:00  INFO 17208 --- [backend] [restartedMain] o.apache.catalina.core.StandardEngine    : Starting Servlet engine: [Apache Tomcat/10.1.36]
2025-06-03T08:35:33.647+02:00  INFO 17208 --- [backend] [restartedMain] o.a.c.c.C.[Tomcat].[localhost].[/]       : Initializing Spring embedded WebApplicationContext
2025-06-03T08:35:34.740+02:00  INFO 17208 --- [backend] [restartedMain] o.hibernate.jpa.internal.util.LogHelper  : HHH000204: Processing PersistenceUnitInfo [name: default]
2025-06-03T08:35:34.881+02:00  INFO 17208 --- [backend] [restartedMain] org.hibernate.Version                    : HHH000412: Hibernate ORM core version 6.6.8.Final
2025-06-03T08:35:34.943+02:00  INFO 17208 --- [backend] [restartedMain] o.h.c.internal.RegionFactoryInitiator    : HHH000026: Second-level cache disabled
2025-06-03T08:35:35.537+02:00  INFO 17208 --- [backend] [restartedMain] com.zaxxer.hikari.HikariDataSource       : HikariPool-1 - Starting...
2025-06-03T08:35:36.090+02:00  INFO 17208 --- [backend] [restartedMain] com.zaxxer.hikari.pool.HikariPool        : HikariPool-1 - Added connection org.postgresql.jdbc.PgConnection@747d70d6
2025-06-03T08:35:36.094+02:00  INFO 17208 --- [backend] [restartedMain] com.zaxxer.hikari.HikariDataSource       : HikariPool-1 - Start completed.
2025-06-03T08:35:36.147+02:00  WARN 17208 --- [backend] [restartedMain] org.hibernate.orm.deprecation            : HHH90000025: PostgreSQLDialect does not need to be specified explicitly using 'hibernate.dialect' (remove the property setting and it will be selected by default)
2025-06-03T08:35:36.181+02:00  INFO 17208 --- [backend] [restartedMain] org.hibernate.orm.connections.pooling    : HHH10001005: Database info:
	Database JDBC URL [Connecting through datasource 'HikariDataSource (HikariPool-1)']
	Database driver: undefined/unknown
	Database version: 17.4
	Autocommit mode: undefined/unknown
	Isolation level: undefined/unknown
	Minimum pool size: undefined/unknown
	Maximum pool size: undefined/unknown
